<?xml version="1.0" encoding="utf-8"?><testsuites name="pytest tests"><testsuite name="pytest" errors="0" failures="1" skipped="8" tests="293" time="37.848" timestamp="2026-09-09T14:56:03.140505+08:00" hostname="Junleis-MacBook-Pro.local"><testcase classname="tests.microscopy_io.test_io" name="test_axis_order_is_explicit_and_exact" time="0.001" /><testcase classname="tests.microscopy_io.test_io" name="test_ambiguous_or_2d_images_are_not_silently_treated_as_volumes[QYX-shape0]" time="0.000" /><testcase classname="tests.microscopy_io.test_io" name="test_ambiguous_or_2d_images_are_not_silently_treated_as_volumes[YXS-shape1]" time="0.000" /><testcase classname="tests.microscopy_io.test_io" name="test_ambiguous_or_2d_images_are_not_silently_treated_as_volumes[YX-shape2]" time="0.000" /><testcase classname="tests.microscopy_io.test_io" name="test_ambiguous_or_2d_images_are_not_silently_treated_as_volumes[ZYX-shape3]" time="0.000" /><testcase classname="tests.microscopy_io.test_io" name="test_ambiguous_singleton_axis_is_rejected_not_silently_squeezed" time="0.000" /><testcase classname="tests.microscopy_io.test_io" name="test_ome_unit_table_matches_the_shared_canonical_table" time="0.000" /><testcase classname="tests.microscopy_io.test_io" name="test_multitimepoint_requires_explicit_selection" time="0.000" /><testcase classname="tests.microscopy_io.test_io" name="test_ome_units_convert_to_micrometres" time="0.000" /><testcase classname="tests.microscopy_io.test_io" name="test_nonuniform_z_positions_are_rejected" time="0.000" /><testcase classname="tests.microscopy_io.test_io" name="test_spacing_conflict_is_not_silently_overridden" time="0.009" /><testcase classname="tests.microscopy_io.test_io" name="test_manifest_does_not_inflate_n_by_duplicate_images" time="0.007" /><testcase classname="tests.microscopy_io.test_io" name="test_configuration_typos_fail_instead_of_silently_changing_analysis" time="0.001" /><testcase classname="tests.microscopy_io.test_io" name="test_separate_paths_cannot_reuse_the_segmentation_channel_for_viability" time="0.001" /><testcase classname="tests.microscopy_io.test_io" name="test_shared_multichannel_source_is_decoded_once_per_sample" time="0.002" /><testcase classname="tests.microscopy_io.test_io" name="test_git_commit_hash_returns_current_repo_head" time="0.051" /><testcase classname="tests.microscopy_io.test_io" name="test_git_commit_hash_returns_none_outside_a_repo" time="0.022" /><testcase classname="tests.microscopy_io.test_metadata_contract_regressions" name="test_imagej_z_units_are_converted[nm-2000]" time="0.001" /><testcase classname="tests.microscopy_io.test_metadata_contract_regressions" name="test_imagej_z_units_are_converted[mm-0.002]" time="0.000" /><testcase classname="tests.microscopy_io.test_metadata_contract_regressions" name="test_imagej_z_units_are_converted[um-2]" time="0.000" /><testcase classname="tests.microscopy_io.test_metadata_contract_regressions" name="test_imagej_z_units_are_converted[micron-2]" time="0.000" /><testcase classname="tests.microscopy_io.test_metadata_contract_regressions" name="test_uncalibrated_imagej_spacing_is_unknown[None]" time="0.000" /><testcase classname="tests.microscopy_io.test_metadata_contract_regressions" name="test_uncalibrated_imagej_spacing_is_unknown[]" time="0.000" /><testcase classname="tests.microscopy_io.test_metadata_contract_regressions" name="test_uncalibrated_imagej_spacing_is_unknown[pixel]" time="0.000" /><testcase classname="tests.microscopy_io.test_metadata_contract_regressions" name="test_uncalibrated_imagej_spacing_is_unknown[pixels]" time="0.000" /><testcase classname="tests.microscopy_io.test_metadata_contract_regressions" name="test_invalid_physical_imagej_spacing_rejected[-1]" time="0.000" /><testcase classname="tests.microscopy_io.test_metadata_contract_regressions" name="test_invalid_physical_imagej_spacing_rejected[0]" time="0.000" /><testcase classname="tests.microscopy_io.test_metadata_contract_regressions" name="test_invalid_physical_imagej_spacing_rejected[inf]" time="0.000" /><testcase classname="tests.microscopy_io.test_metadata_contract_regressions" name="test_invalid_physical_imagej_spacing_rejected[nan]" time="0.000" /><testcase classname="tests.microscopy_io.test_metadata_contract_regressions" name="test_imagej_unit_calibrates_resolution_none_tiff" time="0.003" /><testcase classname="tests.microscopy_io.test_metadata_contract_regressions" name="test_nonuniform_or_nonmonotonic_z_rejected[positions0-parse_spacing_ome]" time="0.380" /><testcase classname="tests.microscopy_io.test_metadata_contract_regressions" name="test_nonuniform_or_nonmonotonic_z_rejected[positions0-ome_spacing]" time="0.001" /><testcase classname="tests.microscopy_io.test_metadata_contract_regressions" name="test_nonuniform_or_nonmonotonic_z_rejected[positions1-parse_spacing_ome]" time="0.002" /><testcase classname="tests.microscopy_io.test_metadata_contract_regressions" name="test_nonuniform_or_nonmonotonic_z_rejected[positions1-ome_spacing]" time="0.000" /><testcase classname="tests.microscopy_io.test_metadata_contract_regressions" name="test_nonuniform_or_nonmonotonic_z_rejected[positions2-parse_spacing_ome]" time="0.002" /><testcase classname="tests.microscopy_io.test_metadata_contract_regressions" name="test_nonuniform_or_nonmonotonic_z_rejected[positions2-ome_spacing]" time="0.000" /><testcase classname="tests.microscopy_io.test_metadata_contract_regressions" name="test_reference_frame_is_not_silently_micrometres[None-parse_spacing_ome]" time="0.002" /><testcase classname="tests.microscopy_io.test_metadata_contract_regressions" name="test_reference_frame_is_not_silently_micrometres[None-ome_spacing]" time="0.000" /><testcase classname="tests.microscopy_io.test_metadata_contract_regressions" name="test_reference_frame_is_not_silently_micrometres[reference frame-parse_spacing_ome]" time="0.002" /><testcase classname="tests.microscopy_io.test_metadata_contract_regressions" name="test_reference_frame_is_not_silently_micrometres[reference frame-ome_spacing]" time="0.000" /><testcase classname="tests.microscopy_io.test_metadata_contract_regressions" name="test_uniform_descending_physical_z_is_supported[parse_spacing_ome]" time="0.002" /><testcase classname="tests.microscopy_io.test_metadata_contract_regressions" name="test_uniform_descending_physical_z_is_supported[ome_spacing]" time="0.000" /><testcase classname="tests.microscopy_io.test_metadata_contract_regressions" name="test_missing_xy_spacing_does_not_bypass_nonuniform_z_check" time="0.000" /><testcase classname="tests.microscopy_io.test_metadata_contract_regressions" name="test_multiframe_upload_requires_explicit_time_and_preserves_selected_identity" time="0.008" /><testcase classname="tests.microscopy_io.test_metadata_contract_regressions" name="test_label_export_rejects_lossy_cast_before_writing[labels0]" time="0.001" /><testcase classname="tests.microscopy_io.test_metadata_contract_regressions" name="test_label_export_rejects_lossy_cast_before_writing[labels1]" time="0.001" /><testcase classname="tests.microscopy_io.test_metadata_contract_regressions" name="test_label_export_rejects_lossy_cast_before_writing[labels2]" time="0.001" /><testcase classname="tests.microscopy_io.test_metadata_contract_regressions" name="test_uint32_max_id_export_roundtrip" time="0.022" /><testcase classname="tests.microscopy_io.test_voxel_spacing" name="test_matches_metadata_is_classified_as_metadata" time="0.000" /><testcase classname="tests.microscopy_io.test_voxel_spacing" name="test_no_metadata_and_matches_fallback_is_classified_as_default" time="0.000" /><testcase classname="tests.microscopy_io.test_voxel_spacing" name="test_differs_from_metadata_is_classified_as_user_override" time="0.000" /><testcase classname="tests.microscopy_io.test_voxel_spacing" name="test_no_metadata_and_differs_from_fallback_is_classified_as_user_override" time="0.000" /><testcase classname="tests.microscopy_io.test_voxel_spacing" name="test_bare_config_reports_default_source_and_no_metadata_value" time="0.000" /><testcase classname="tests.microscopy_io.test_voxel_spacing" name="test_voxel_volume_uses_real_metadata_spacing_not_the_0_414_default" time="0.018" /><testcase classname="tests.microscopy_io.test_voxel_spacing" name="test_no_metadata_falls_back_to_default_with_explicit_source" time="0.000" /><testcase classname="tests.microscopy_io.test_voxel_spacing" name="test_override_differing_from_metadata_keeps_original_metadata_value" time="0.000" /><testcase classname="tests.microscopy_io.test_voxel_spacing" name="test_unequal_xy_pixel_size_raises_instead_of_averaging" time="0.000" /><testcase classname="tests.microscopy_io.test_voxel_spacing" name="test_same_shape_and_matching_spacing_is_consistent" time="0.000" /><testcase classname="tests.microscopy_io.test_voxel_spacing" name="test_differing_xy_spacing_is_a_conflict" time="0.000" /><testcase classname="tests.microscopy_io.test_voxel_spacing" name="test_differing_z_spacing_is_a_conflict" time="0.000" /><testcase classname="tests.microscopy_io.test_voxel_spacing" name="test_nuclei_metadata_complete_cell_metadata_missing_is_partial" time="0.000" /><testcase classname="tests.microscopy_io.test_voxel_spacing" name="test_both_metadata_missing_is_partial" time="0.000" /><testcase classname="tests.microscopy_io.test_voxel_spacing" name="test_within_tolerance_rounding_is_still_consistent" time="0.000" /><testcase classname="tests.phenotyping.test_viability_summary" name="test_control_scaled_labels_and_both_low_indeterminate" time="0.006" /><testcase classname="tests.phenotyping.test_viability_summary" name="test_missing_or_uncalibrated_controls_do_not_generate_confident_states" time="0.003" /><testcase classname="tests.phenotyping.test_viability_summary" name="test_multiple_control_images_from_one_biological_replicate_are_not_independent" time="0.002" /><testcase classname="tests.phenotyping.test_viability_summary" name="test_controls_spanning_multiple_conditions_are_rejected" time="0.001" /><testcase classname="tests.phenotyping.test_viability_summary" name="test_badly_separated_control_channels_fail_calibration" time="0.003" /><testcase classname="tests.phenotyping.test_viability_summary" name="test_measurement_qc_blocks_classification" time="0.004" /><testcase classname="tests.phenotyping.test_viability_summary" name="test_wells_are_weighted_equally_and_empty_replicates_are_not_deleted" time="0.007" /><testcase classname="tests.phenotyping.test_viability_summary" name="test_incomplete_wells_are_not_silently_included_in_replicate_summaries" time="0.006" /><testcase classname="tests.quantification.test_cellular_measurements" name="test_pairing_uses_noncompact_ids_and_complete_nucleus_volume" time="0.008" /><testcase classname="tests.quantification.test_cellular_measurements" name="test_pairing_applies_volume_ratio_containment_and_nucleusless_qc" time="0.002" /><testcase classname="tests.quantification.test_cellular_measurements" name="test_same_nucleus_is_never_assigned_to_two_cells" time="0.001" /><testcase classname="tests.quantification.test_cellular_measurements" name="test_matching_maximizes_number_of_pairs_in_crossed_case" time="0.001" /><testcase classname="tests.quantification.test_cellular_measurements" name="test_matching_maximizes_overlap_after_cardinality" time="0.001" /><testcase classname="tests.quantification.test_cellular_measurements" name="test_below_threshold_cell_cannot_reserve_shared_nucleus" time="0.001" /><testcase classname="tests.quantification.test_cellular_measurements" name="test_geometry_has_correct_zyx_centroid_and_moment_equivalent_axes" time="0.003" /><testcase classname="tests.quantification.test_cellular_measurements" name="test_geometry_and_neighborhood_accept_large_sparse_label_ids" time="0.001" /><testcase classname="tests.quantification.test_cellular_measurements" name="test_nucleus_centroid_distance_uses_voxel_face_not_background_center" time="0.001" /><testcase classname="tests.quantification.test_cellular_measurements" name="test_neighborhood_uses_physical_distance_and_reports_edge_qc" time="0.003" /><testcase classname="tests.quantification.test_cellular_measurements" name="test_analyze_cells_merges_pairing_geometry_and_neighborhood" time="0.020" /><testcase classname="tests.quantification.test_cellular_measurements" name="test_analyze_cells_handles_empty_and_all_rejected_masks" time="0.003" /><testcase classname="tests.quantification.test_cellular_measurements" name="test_invalid_inputs_are_rejected" time="0.000" /><testcase classname="tests.quantification.test_cellular_measurements" name="test_cells_cli_reads_ome_spacing_and_writes_outputs" time="0.123" /><testcase classname="tests.quantification.test_geometry" name="test_anisotropic_sphere_agrees_with_analytic_geometry" time="0.006" /><testcase classname="tests.quantification.test_geometry" name="test_units_scale_volume_area_and_not_sphericity" time="0.002" /><testcase classname="tests.quantification.test_geometry" name="test_hollow_structure_reports_outer_envelope_and_void" time="0.001" /><testcase classname="tests.quantification.test_geometry" name="test_translation_does_not_change_shape_or_surface" time="0.002" /><testcase classname="tests.quantification.test_geometry" name="test_truncated_organoid_is_preserved_but_excluded" time="0.001" /><testcase classname="tests.quantification.test_labels" name="test_compact_instance_labels_preserves_sparse_source_ids" time="0.000" /><testcase classname="tests.quantification.test_labels" name="test_relabel_from_source_ids_drops_unmapped_labels_without_dense_lookup" time="0.000" /><testcase classname="tests.quantification.test_labels" name="test_bbox_boundary_helper_checks_all_three_axes" time="0.000" /><testcase classname="tests.quantification.test_marker_measurements" name="test_background_subtraction_retains_negative_signal_instead_of_clipping" time="0.002" /><testcase classname="tests.quantification.test_marker_measurements" name="test_twelve_bit_saturation_in_uint16_is_caught_with_camera_limit" time="0.002" /><testcase classname="tests.quantification.test_marker_measurements" name="test_floating_point_marker_needs_explicit_saturation_limit" time="0.003" /><testcase classname="tests.quantification.test_marker_measurements" name="test_structure_only_measurement_skips_background_distance_transform" time="0.000" /><testcase classname="tests.quantification.test_mask_features.ValidateMaskTests" name="test_preserves_valid_integer_dtype_without_copy" time="0.000" /><testcase classname="tests.quantification.test_mask_features.ValidateMaskTests" name="test_rejects_fractional_float_labels" time="0.000" /><testcase classname="tests.quantification.test_mask_features.ValidateMaskTests" name="test_rejects_negative_labels" time="0.000" /><testcase classname="tests.quantification.test_mask_features.ValidateMaskTests" name="test_rejects_non_3d" time="0.000" /><testcase classname="tests.quantification.test_mask_features.ValidateMaskTests" name="test_rejects_tiny" time="0.000" /><testcase classname="tests.quantification.test_mask_features.ValidateMaskTests" name="test_sparse_ids_are_counted_by_occurrence" time="0.000" /><testcase classname="tests.quantification.test_mask_features.FeatureTests" name="test_bigger_object_has_greater_volume" time="0.004" /><testcase classname="tests.quantification.test_mask_features.FeatureTests" name="test_counts_two_objects_with_correct_labels" time="0.003" /><testcase classname="tests.quantification.test_mask_features.FeatureTests" name="test_empty_mask_returns_empty_frame" time="0.001" /><testcase classname="tests.quantification.test_mask_features.FeatureTests" name="test_invalid_spacing_rejected" time="0.001" /><testcase classname="tests.quantification.test_mask_features.FeatureTests" name="test_spacing_scales_volume" time="0.005" /><testcase classname="tests.quantification.test_mask_features.FeatureTests" name="test_sphericity_close_to_one_for_spheres" time="0.003" /><testcase classname="tests.quantification.test_mask_features.SummaryTests" name="test_existing_features_can_be_summarized_without_reextracting" time="0.003" /><testcase classname="tests.quantification.test_mask_features.SummaryTests" name="test_summary_counts_and_mean_volume" time="0.003" /><testcase classname="tests.quantification.test_mask_features.SummaryTests" name="test_summary_empty" time="0.000" /><testcase classname="tests.quantification.test_mask_features.BinaryTests" name="test_mask_to_binary" time="0.001" /><testcase classname="tests.segmentation.test_cellpose_inference.SegmentationTests" name="test_multichannel_reader_does_not_fallback_for_metadata_tiff" time="0.002" /><testcase classname="tests.segmentation.test_cellpose_inference.SegmentationTests" name="test_multichannel_reader_does_not_reinterpret_cyx_as_zyx" time="0.001" /><testcase classname="tests.segmentation.test_cellpose_inference.SegmentationTests" name="test_normalize_preview_handles_constant_data" time="0.000" /><testcase classname="tests.segmentation.test_cellpose_inference.SegmentationTests" name="test_read_stack_accepts_3d_tiff" time="0.001" /><testcase classname="tests.segmentation.test_cellpose_inference.SegmentationTests" name="test_save_result_counts_sparse_labels_not_max_id" time="0.982" /><testcase classname="tests.segmentation.test_cellpose_inference.SegmentationTests" name="test_save_result_writes_archive_and_metadata" time="0.234" /><testcase classname="tests.segmentation.test_cellpose_inference.SegmentationTests" name="test_saved_result_can_be_listed_and_restored_after_session_loss" time="0.273" /><testcase classname="tests.segmentation.test_cellpose_inference.SegmentationTests" name="test_validate_stacks_rejects_shape_mismatch" time="0.001" /><testcase classname="tests.segmentation.test_cellpose_inference.ProvenanceTests" name="test_cell_input_provenance_recorded_when_a_cell_stack_is_given" time="0.229" /><testcase classname="tests.segmentation.test_cellpose_inference.ProvenanceTests" name="test_concurrent_model_inference_is_serialized" time="0.886" /><testcase classname="tests.segmentation.test_cellpose_inference.ProvenanceTests" name="test_missing_model_weight_file_is_reported_unavailable_not_fabricated" time="0.274" /><testcase classname="tests.segmentation.test_cellpose_inference.ProvenanceTests" name="test_save_result_writes_a_provenance_file_alongside_summary" time="0.254" /><testcase classname="tests.segmentation.test_cellpose_inference.ProvenanceTests" name="test_wrap_run_3d_maps_plane_reports_to_stage_fractions" time="0.001" /><testcase classname="tests.segmentation.test_inference_contract_regressions" name="test_working_diameter_and_anisotropy_use_same_xy_scale[1.0]" time="0.001" /><testcase classname="tests.segmentation.test_inference_contract_regressions" name="test_working_diameter_and_anisotropy_use_same_xy_scale[0.5]" time="0.001" /><testcase classname="tests.segmentation.test_inference_contract_regressions" name="test_working_diameter_and_anisotropy_use_same_xy_scale[0.25]" time="0.001" /><testcase classname="tests.segmentation.test_inference_contract_regressions" name="test_invalid_nuclei_only_input_rejected_before_model[image0]" time="0.001" /><testcase classname="tests.segmentation.test_inference_contract_regressions" name="test_invalid_nuclei_only_input_rejected_before_model[image1]" time="0.000" /><testcase classname="tests.segmentation.test_inference_contract_regressions" name="test_invalid_nuclei_only_input_rejected_before_model[image2]" time="0.000" /><testcase classname="tests.segmentation.test_inference_contract_regressions" name="test_invalid_nuclei_only_input_rejected_before_model[image3]" time="0.000" /><testcase classname="tests.segmentation.test_inference_contract_regressions" name="test_invalid_configuration_rejected_before_model[anisotropy--1]" time="0.001" /><testcase classname="tests.segmentation.test_inference_contract_regressions" name="test_invalid_configuration_rejected_before_model[xy_spacing_um-nan]" time="0.001" /><testcase classname="tests.segmentation.test_inference_contract_regressions" name="test_invalid_configuration_rejected_before_model[nuclei_diameter-0]" time="0.000" /><testcase classname="tests.segmentation.test_inference_contract_regressions" name="test_invalid_configuration_rejected_before_model[model_type-unknown]" time="0.000" /><testcase classname="tests.segmentation.test_inference_contract_regressions" name="test_invalid_configuration_rejected_before_model[batch_size-0]" time="0.000" /><testcase classname="tests.segmentation.test_inference_contract_regressions" name="test_invalid_configuration_rejected_before_model[xy_downsample-0.01]" time="0.001" /><testcase classname="tests.segmentation.test_parameter_estimation.DownsampleTests" name="test_full_resolution_passthrough" time="0.001" /><testcase classname="tests.segmentation.test_parameter_estimation.DownsampleTests" name="test_half_resolution_scales" time="0.001" /><testcase classname="tests.segmentation.test_parameter_estimation.AnisotropyTests" name="test_anisotropy_from_ome_units" time="0.005" /><testcase classname="tests.segmentation.test_parameter_estimation.AnisotropyTests" name="test_anisotropy_unknown_when_no_metadata" time="0.001" /><testcase classname="tests.segmentation.test_parameter_estimation.DiameterEstimateTests" name="test_estimate_consistent_across_resolutions" time="0.004" /><testcase classname="tests.segmentation.test_parameter_estimation.DiameterEstimateTests" name="test_estimate_recovers_filled_circle_diameter" time="0.002" /><testcase classname="tests.segmentation.test_parameter_estimation.DiameterEstimateTests" name="test_rejects_non_3d" time="0.001" /><testcase classname="tests.segmentation.test_parameter_estimation.SuggestConfigCellDiameterTests" name="test_cell_stack_is_estimated_independently_of_nuclei_stack" time="0.005" /><testcase classname="tests.segmentation.test_parameter_estimation.SuggestConfigCellDiameterTests" name="test_no_cell_stack_yields_no_data_derived_cell_diameter" time="0.001" /><testcase classname="tests.segmentation.test_watershed_instances" name="test_touching_spheres_split_into_two_instances_in_anisotropic_grid" time="0.098" /><testcase classname="tests.segmentation.test_watershed_instances" name="test_empty_field_does_not_create_objects" time="0.002" /><testcase classname="tests.segmentation.test_watershed_instances" name="test_probability_and_imported_label_paths" time="0.005" /><testcase classname="tests.segmentation.test_watershed_instances" name="test_logit_scores_cannot_be_mistaken_for_probabilities" time="0.001" /><testcase classname="tests.segmentation.test_watershed_instances" name="test_disconnected_imported_instance_is_rejected" time="0.001" /><testcase classname="tests.segmentation.test_watershed_instances" name="test_instance_matching_detects_merges_despite_perfect_foreground" time="0.001" /><testcase classname="tests.segmentation.test_watershed_instances" name="test_instance_matching_counts_extra_objects_and_is_id_invariant" time="0.001" /><testcase classname="tests.segmentation.test_watershed_instances" name="test_method_qc_flags_large_count_and_z_extent_disagreement_without_selecting_mask" time="0.001" /><testcase classname="tests.segmentation.test_watershed_instances" name="test_instance_qc_handles_sparse_large_ids_without_max_label_allocation" time="0.001" /><testcase classname="tests.segmentation.test_watershed_instances" name="test_instance_qc_rejects_negative_labels_and_invalid_spacing" time="0.001" /><testcase classname="tests.statistics.test_exploration.AnalysisHelpersTests" name="test_cohens_d_separates_clear_groups" time="0.001" /><testcase classname="tests.statistics.test_exploration.AnalysisHelpersTests" name="test_detect_feature_columns" time="0.001" /><testcase classname="tests.statistics.test_exploration.AnalysisHelpersTests" name="test_effect_size_label" time="0.001" /><testcase classname="tests.statistics.test_exploration.AnalysisHelpersTests" name="test_find_grouping_column_prefers_condition" time="0.001" /><testcase classname="tests.statistics.test_exploration.AnalysisHelpersTests" name="test_simplify_feature_name" time="0.000" /><testcase classname="tests.statistics.test_exploration.MorphologyStatsTests" name="test_compare_two_groups_detects_volume_effect" time="0.006" /><testcase classname="tests.statistics.test_exploration.MorphologyStatsTests" name="test_field_coefficient_of_variation_shape" time="0.003" /><testcase classname="tests.statistics.test_exploration.MorphologyStatsTests" name="test_normality_and_variance" time="0.004" /><testcase classname="tests.statistics.test_exploration.MLClassificationTests" name="test_binary_classifiers_recover_separable_groups" time="1.409" /><testcase classname="tests.statistics.test_exploration.MLClassificationTests" name="test_feature_importance_present" time="0.549" /><testcase classname="tests.statistics.test_exploration.MLClassificationTests" name="test_multiclass" time="0.167" /><testcase classname="tests.statistics.test_exploration.MLClassificationTests" name="test_prepare_binary_data" time="0.003" /><testcase classname="tests.statistics.test_exploration.ClusteringTests" name="test_cluster_feature_importance" time="0.595" /><testcase classname="tests.statistics.test_exploration.ClusteringTests" name="test_kmeans_and_characterization" time="0.009" /><testcase classname="tests.statistics.test_exploration.ClusteringTests" name="test_prolate_oblate_categories" time="0.003" /><testcase classname="tests.statistics.test_exploration.ExplorationTests" name="test_inventory" time="0.001" /><testcase classname="tests.statistics.test_exploration.ExplorationTests" name="test_outliers_flagged" time="0.001" /><testcase classname="tests.statistics.test_exploration.ExplorationTests" name="test_quality_zero_variance" time="0.001" /><testcase classname="tests.statistics.test_inference" name="test_real_effect_is_significant_and_null_feature_is_not" time="0.019" /><testcase classname="tests.statistics.test_inference" name="test_bh_fdr_padj_never_below_raw_p" time="0.008" /><testcase classname="tests.statistics.test_inference" name="test_pairwise_output_is_self_describing_and_scale_correct" time="0.007" /><testcase classname="tests.statistics.test_inference" name="test_raw_scale_feature_reports_no_geometric_mean_ratio" time="0.006" /><testcase classname="tests.statistics.test_inference" name="test_lmm_pairwise_uses_small_cluster_t_reference_not_asymptotic_z" time="0.008" /><testcase classname="tests.statistics.test_inference" name="test_ols_fallback_uses_cluster_robust_t_reference" time="0.018" /><testcase classname="tests.statistics.test_inference" name="test_ols_fallback_on_degenerate_random_effect" time="0.017" /><testcase classname="tests.statistics.test_inference" name="test_condition_with_too_few_replicates_is_excluded" time="0.006" /><testcase classname="tests.statistics.test_inference" name="test_single_condition_is_skipped_without_error" time="0.002" /><testcase classname="tests.statistics.test_inference" name="test_pipeline_writes_pairwise_contrasts_end_to_end" time="3.926" /><testcase classname="tests.statistics.test_inference" name="test_pipeline_skips_stats_cleanly_when_disabled" time="1.639" /><testcase classname="tests.statistics.test_statistical_contract_regressions" name="test_invalid_log_measurement_rejected_before_fitting[0.0]" time="0.002" /><testcase classname="tests.statistics.test_statistical_contract_regressions" name="test_invalid_log_measurement_rejected_before_fitting[-1.0]" time="0.001" /><testcase classname="tests.statistics.test_statistical_contract_regressions" name="test_invalid_log_measurement_rejected_before_fitting[inf]" time="0.001" /><testcase classname="tests.statistics.test_statistical_contract_regressions" name="test_invalid_log_measurement_rejected_before_fitting[-inf]" time="0.001" /><testcase classname="tests.statistics.test_statistical_contract_regressions" name="test_replicate_identity_does_not_collide_on_separator" time="0.002" /><testcase classname="tests.statistics.test_statistical_contract_regressions" name="test_prepare_retains_missingness_until_training_split" time="0.001" /><testcase classname="tests.statistics.test_statistical_contract_regressions" name="test_imputation_and_scaling_are_fit_on_training_rows_and_each_cv_fold" time="0.939" /><testcase classname="tests.statistics.test_statistical_contract_regressions" name="test_model_selection_does_not_consult_holdout_performance" time="0.146" /><testcase classname="tests.statistics.test_statistical_contract_regressions" name="test_entirely_missing_training_feature_is_not_imputed_as_zero" time="0.001" /><testcase classname="tests.test_validate_notebooks_script" name="test_no_tracked_notebooks_still_exits_zero" time="0.364" /><testcase classname="tests.visualization.test_3d_preview.AxisReorderingTests" name="test_cyx_maps_channels_to_c_slot" time="0.002" /><testcase classname="tests.visualization.test_3d_preview.AxisReorderingTests" name="test_tzcyx_reorders_to_tczyx_values_preserved" time="0.001" /><testcase classname="tests.visualization.test_3d_preview.AxisReorderingTests" name="test_unknown_filler_axis_rejected" time="0.001" /><testcase classname="tests.visualization.test_3d_preview.AxisReorderingTests" name="test_zyx_stays_zyx_with_t_c_singletons" time="0.001" /><testcase classname="tests.visualization.test_3d_preview.SpacingMetadataTests" name="test_anisotropy_rejects_unequal_xy_spacing" time="0.001" /><testcase classname="tests.visualization.test_3d_preview.SpacingMetadataTests" name="test_classify_axes" time="0.000" /><testcase classname="tests.visualization.test_3d_preview.SpacingMetadataTests" name="test_imagej_z_step" time="0.000" /><testcase classname="tests.visualization.test_3d_preview.SpacingMetadataTests" name="test_nonuniform_z_positions_are_rejected" time="0.005" /><testcase classname="tests.visualization.test_3d_preview.SpacingMetadataTests" name="test_ome_absent_returns_unknown" time="0.001" /><testcase classname="tests.visualization.test_3d_preview.SpacingMetadataTests" name="test_ome_nm_unit_converted_to_um" time="0.002" /><testcase classname="tests.visualization.test_3d_preview.SpacingMetadataTests" name="test_ome_physical_sizes_to_um" time="0.001" /><testcase classname="tests.visualization.test_3d_preview.SpacingMetadataTests" name="test_resolution_to_um_per_px" time="0.000" /><testcase classname="tests.visualization.test_3d_preview.SpacingMetadataTests" name="test_rgb_rejection" time="0.001" /><testcase classname="tests.visualization.test_3d_preview.SpacingMetadataTests" name="test_spacing_anisotropy" time="0.000" /><testcase classname="tests.visualization.test_3d_preview.SpacingMetadataTests" name="test_uniform_z_positions_are_accepted" time="0.002" /><testcase classname="tests.visualization.test_3d_preview.ZStackReaderTests" name="test_load_preserves_uint16_and_zorder" time="0.004" /><testcase classname="tests.visualization.test_3d_preview.ZStackReaderTests" name="test_missing_axes_refuses_to_guess" time="0.001" /><testcase classname="tests.visualization.test_3d_preview.ZStackReaderTests" name="test_multichannel_czyx" time="0.004" /><testcase classname="tests.visualization.test_3d_preview.ZStackReaderTests" name="test_rgb_stack_rejected" time="0.001" /><testcase classname="tests.visualization.test_3d_preview.ZStackReaderTests" name="test_tzcyx_time_series_splits" time="0.004" /><testcase classname="tests.visualization.test_3d_preview.SpacingResolutionIntegrationTests" name="test_metadata_missing_no_crash" time="0.001" /><testcase classname="tests.visualization.test_3d_preview.SpacingResolutionIntegrationTests" name="test_tiff_resolution_round_trip_in_um" time="0.003" /><testcase classname="tests.visualization.test_3d_preview.CapabilityTests" name="test_gpu_probe_returns_bool" time="0.189" /><testcase classname="tests.visualization.test_layout_render.LayoutRenderTests" name="test_corner_voxel_projects_to_expected_xy" time="0.000"><skipped type="pytest.skip" message="playwright not installed; headless layout render tests skipped">/Users/jlwang/Desktop/organoid_analysis/tests/visualization/test_layout_render.py:100: playwright not installed; headless layout render tests skipped</skipped></testcase><testcase classname="tests.visualization.test_layout_render.LayoutRenderTests" name="test_path_a_quality_and_retina_invariants" time="0.000"><skipped type="pytest.skip" message="playwright not installed; headless layout render tests skipped">/Users/jlwang/Desktop/organoid_analysis/tests/visualization/test_layout_render.py:196: playwright not installed; headless layout render tests skipped</skipped></testcase><testcase classname="tests.visualization.test_layout_render.LayoutRenderTests" name="test_real_tiff_mip_matches_numpy_reference" time="0.000"><skipped type="pytest.skip" message="playwright not installed; headless layout render tests skipped">/Users/jlwang/Desktop/organoid_analysis/tests/visualization/test_layout_render.py:265: playwright not installed; headless layout render tests skipped</skipped></testcase><testcase classname="tests.visualization.test_layout_render.LayoutRenderTests" name="test_split_view_and_shared_lut" time="0.000"><skipped type="pytest.skip" message="playwright not installed; headless layout render tests skipped">/Users/jlwang/Desktop/organoid_analysis/tests/visualization/test_layout_render.py:151: playwright not installed; headless layout render tests skipped</skipped></testcase><testcase classname="tests.visualization.test_layout_render.LayoutRenderTests" name="test_three_axis_gradient_orientation" time="0.000"><skipped type="pytest.skip" message="playwright not installed; headless layout render tests skipped">/Users/jlwang/Desktop/organoid_analysis/tests/visualization/test_layout_render.py:129: playwright not installed; headless layout render tests skipped</skipped></testcase><testcase classname="tests.visualization.test_render_smoke.RenderSmokeTests" name="test_mask_overlay_renders_without_error" time="0.000"><skipped type="pytest.skip" message="playwright not installed; headless render smoke tests skipped">/Users/jlwang/Desktop/organoid_analysis/tests/visualization/test_render_smoke.py:126: playwright not installed; headless render smoke tests skipped</skipped></testcase><testcase classname="tests.visualization.test_render_smoke.RenderSmokeTests" name="test_sparse_tiff_like_volume_is_not_black" time="0.000"><skipped type="pytest.skip" message="playwright not installed; headless render smoke tests skipped">/Users/jlwang/Desktop/organoid_analysis/tests/visualization/test_render_smoke.py:114: playwright not installed; headless render smoke tests skipped</skipped></testcase><testcase classname="tests.visualization.test_render_smoke.RenderSmokeTests" name="test_synthetic_volume_is_not_black" time="0.000"><skipped type="pytest.skip" message="playwright not installed; headless render smoke tests skipped">/Users/jlwang/Desktop/organoid_analysis/tests/visualization/test_render_smoke.py:105: playwright not installed; headless render smoke tests skipped</skipped></testcase><testcase classname="tests.visualization.test_surface_coordinates" name="test_surface_preserves_asymmetric_zyx_locations_and_sparse_label[None]" time="0.003" /><testcase classname="tests.visualization.test_surface_coordinates" name="test_surface_preserves_asymmetric_zyx_locations_and_sparse_label[513]" time="0.002" /><testcase classname="tests.visualization.test_viewer.SpacingTests" name="test_rejects_nonpositive" time="0.001" /><testcase classname="tests.visualization.test_viewer.SpacingTests" name="test_rejects_wrong_length" time="0.001" /><testcase classname="tests.visualization.test_viewer.SpacingTests" name="test_valid_spacing_step_x_y_z" time="0.000" /><testcase classname="tests.visualization.test_viewer.ChannelQuotaTests" name="test_default_fluorescence_lut_order" time="0.001" /><testcase classname="tests.visualization.test_viewer.ChannelQuotaTests" name="test_float64_rejected" time="0.001" /><testcase classname="tests.visualization.test_viewer.ChannelQuotaTests" name="test_fluorescence_luts_are_linear_pure_colors" time="0.001" /><testcase classname="tests.visualization.test_viewer.ChannelQuotaTests" name="test_max_channels" time="0.000" /><testcase classname="tests.visualization.test_viewer.ChannelQuotaTests" name="test_too_many_channels_rejected" time="0.001" /><testcase classname="tests.visualization.test_viewer.DimensionOrderingTests" name="test_dims_reported_x_y_z_and_interleaved" time="0.001" /><testcase classname="tests.visualization.test_viewer.PayloadTests" name="test_base64_decodes_to_expected_float32_size" time="0.001" /><testcase classname="tests.visualization.test_viewer.PayloadTests" name="test_compressed_payload_is_zlib" time="0.002" /><testcase classname="tests.visualization.test_viewer.PayloadTests" name="test_multichannel_interleave_has_last_dim_c" time="0.001" /><testcase classname="tests.visualization.test_viewer.PayloadTests" name="test_multichannel_wire_is_voxel_major" time="0.001" /><testcase classname="tests.visualization.test_viewer.PayloadTests" name="test_payload_preserves_raw_values_and_full_domain_metadata" time="0.001" /><testcase classname="tests.visualization.test_viewer.PayloadTests" name="test_single_channel_wire_roundtrip_preserves_zyx_order" time="0.001" /><testcase classname="tests.visualization.test_viewer.PayloadTests" name="test_spec_survives_json_roundtrip" time="0.001" /><testcase classname="tests.visualization.test_viewer.SurfaceTests" name="test_all_foreground_surface_is_closed_by_padding" time="0.001" /><testcase classname="tests.visualization.test_viewer.SurfaceTests" name="test_surface_mode_requires_mask" time="0.001" /><testcase classname="tests.visualization.test_viewer.SurfaceTests" name="test_surface_payload_uses_legacy_cells" time="0.008" /><testcase classname="tests.visualization.test_viewer.MaskOverlayTests" name="test_empty_mask_yields_no_overlay" time="0.001" /><testcase classname="tests.visualization.test_viewer.MaskOverlayTests" name="test_label_surfaces_are_provided_for_small_label_count" time="0.002" /><testcase classname="tests.visualization.test_viewer.MaskOverlayTests" name="test_mask_shape_must_match_volume" time="0.001" /><testcase classname="tests.visualization.test_viewer.MaskOverlayTests" name="test_overlay_alpha_one_remains_opaque" time="0.002" /><testcase classname="tests.visualization.test_viewer.MaskOverlayTests" name="test_overlay_rejects_invalid_labels_and_alpha" time="0.001" /><testcase classname="tests.visualization.test_viewer.MaskOverlayTests" name="test_overlay_survives_json_roundtrip" time="0.002" /><testcase classname="tests.visualization.test_viewer.MaskOverlayTests" name="test_payload_roundtrips_labels_and_shape" time="0.002" /><testcase classname="tests.visualization.test_viewer.MaskOverlayTests" name="test_sparse_labels_use_local_surfaces" time="0.001" /><testcase classname="tests.visualization.test_viewer.HtmlTests" name="test_html_is_standalone_and_singleton_script" time="0.011" /><testcase classname="tests.web_interface.test_multilevel_results_ui" name="test_load_multilevel_result_tables" time="0.197" /><testcase classname="tests.web_interface.test_segmentation_workspace" name="test_no_suggestion_and_no_identity_returns_empty" time="0.001" /><testcase classname="tests.web_interface.test_segmentation_workspace" name="test_suggestion_present_but_current_identity_unknown_is_ignored" time="0.001" /><testcase classname="tests.web_interface.test_segmentation_workspace" name="test_matching_identity_is_applied" time="0.000" /><testcase classname="tests.web_interface.test_segmentation_workspace" name="test_switching_to_a_different_upload_does_not_inherit_the_suggestion" time="0.000" /><testcase classname="tests.web_interface.test_segmentation_workspace" name="test_switching_channel_on_the_same_tiff_does_not_inherit_the_suggestion" time="0.001" /><testcase classname="tests.workflows.test_export_contract_regressions" name="test_invalid_export_never_publishes_complete_summary" time="0.002" /><testcase classname="tests.workflows.test_export_contract_regressions" name="test_mask_write_failure_leaves_incomplete_marker_not_complete_summary" time="0.005" /><testcase classname="tests.workflows.test_export_contract_regressions" name="test_saved_segmentation_write_failure_cannot_be_restored_as_complete" time="0.258" /><testcase classname="tests.workflows.test_export_contract_regressions" name="test_source_hashes_cover_spacing_and_distinct_config_modules" time="0.005" /><testcase classname="tests.workflows.test_multilevel_measurement_workflow" name="test_multilevel_contract_hierarchy_and_physical_features" time="0.028" /><testcase classname="tests.workflows.test_multilevel_measurement_workflow" name="test_face_contact_topology_uses_anisotropic_physical_area" time="0.022" /><testcase classname="tests.workflows.test_multilevel_measurement_workflow" name="test_qc_mad_border_and_parent_assignment_flags_are_formal" time="0.022" /><testcase classname="tests.workflows.test_multilevel_measurement_workflow" name="test_nucleus_inherits_organoid_from_assigned_cell_and_retains_direct_overlap_audit" time="0.014" /><testcase classname="tests.workflows.test_multilevel_measurement_workflow" name="test_raw_label_geometry_keeps_sphericity_consistent_with_exported_volume_and_surface" time="0.012" /><testcase classname="tests.workflows.test_multilevel_measurement_workflow" name="test_cell_intensity_features_pool_all_assigned_nuclear_voxels" time="0.025" /><testcase classname="tests.workflows.test_multilevel_measurement_workflow" name="test_zero_mad_still_flags_a_clear_volume_outlier" time="0.001" /><testcase classname="tests.workflows.test_multilevel_measurement_workflow" name="test_volume_outliers_nonzero_mad_matches_hand_computed_robust_z" time="0.001" /><testcase classname="tests.workflows.test_multilevel_measurement_workflow" name="test_spatial_depth_map_is_cached_per_organoid" time="0.002" /><testcase classname="tests.workflows.test_multilevel_measurement_workflow" name="test_empty_single_tiny_and_invalid_labels_are_handled" time="0.022" /><testcase classname="tests.workflows.test_multilevel_measurement_workflow" name="test_bool_labels_rejected" time="0.001" /><testcase classname="tests.workflows.test_multilevel_measurement_workflow" name="test_negative_labels_rejected" time="0.001" /><testcase classname="tests.workflows.test_multilevel_measurement_workflow" name="test_nonfinite_nucleus_intensity_rejected" time="0.001"><failure message="AssertionError: Regex pattern did not match.&#10;  Expected regex: 'finite numeric data'&#10;  Actual message: 'nucleus_intensity must be finite real numeric data'">def test_nonfinite_nucleus_intensity_rejected():
        """VR-1: nucleus_intensity with NaN/Inf must be rejected."""
        labels = np.zeros((3, 3, 3), dtype=np.uint32)
        labels[1, 1, 1] = 1
        intensity_nan = labels.astype(float)
        intensity_nan[1, 1, 1] = np.nan
        intensity_inf = labels.astype(float)
        intensity_inf[1, 1, 1] = np.inf
&gt;       with pytest.raises(ValueError, match="finite numeric data"):
             ^^^^^^^^^^^^^^^^^^^^^^^^^^^^^^^^^^^^^^^^^^^^^^^^^^^^^^
E       AssertionError: Regex pattern did not match.
E         Expected regex: 'finite numeric data'
E         Actual message: 'nucleus_intensity must be finite real numeric data'

tests/workflows/test_multilevel_measurement_workflow.py:231: AssertionError</failure></testcase><testcase classname="tests.workflows.test_multilevel_measurement_workflow" name="test_parquet_export_summary_and_cli_round_trip" time="0.161" /><testcase classname="tests.workflows.test_multilevel_measurement_workflow" name="test_multilevel_determinism_two_run_identical" time="0.049" /><testcase classname="tests.workflows.test_multilevel_numerical_regressions" name="test_mixed_integer_dtypes_preserve_large_parent_child_ids" time="0.002" /><testcase classname="tests.workflows.test_multilevel_numerical_regressions" name="test_nuclear_and_pooled_variance_are_invariant_to_large_additive_offset" time="0.035" /><testcase classname="tests.workflows.test_multilevel_numerical_regressions" name="test_complex_intensity_is_rejected_not_silently_cast" time="0.001" /><testcase classname="tests.workflows.test_multilevel_numerical_regressions" name="test_web_organoid_grid_mismatch_is_rejected" time="0.002" /><testcase classname="tests.workflows.test_organoid_measurement_workflow" name="test_end_to_end_outputs_and_unknown_viability_without_controls" time="1.562" /><testcase classname="tests.workflows.test_organoid_measurement_workflow" name="test_registered_truth_labels_export_instance_validation_tables" time="1.677" /><testcase classname="tests.workflows.test_organoid_measurement_workflow" name="test_imported_labels_can_be_compared_with_watershed_reference_without_replacement" time="1.423" /><testcase classname="tests.workflows.test_organoid_measurement_workflow" name="test_all_empty_field_has_consistent_tables_and_report" time="1.464" /><testcase classname="tests.workflows.test_organoid_measurement_workflow" name="test_complete_unit_objects_excludes_incomplete_units" time="0.002" /><testcase classname="tests.workflows.test_organoid_measurement_workflow" name="test_partial_run_marks_failed_field_and_excludes_its_entire_well" time="1.501" /></testsuite></testsuites>